<?xml version="1.0" encoding="UTF-8"?>
<!-- Generated by org.testng.reporters.JUnitReportReporter -->
<testsuite hostname="LAPTOP-2JP0SKFR" failures="0" tests="1" name="testngpkg.Windowhandler" time="1.778" errors="0" timestamp="2024-02-27T10:01:39 IST" skipped="0">
  <testcase classname="testngpkg.Windowhandler" name="windowhanler" time="1.778"/>
  <system-out/>
</testsuite> <!-- testngpkg.Windowhandler -->
