<?xml version="1.0" encoding="UTF-8"?>
<!-- Generated by org.testng.reporters.JUnitReportReporter -->
<testsuite hostname="LAPTOP-2JP0SKFR" failures="0" tests="1" name="textpkg.Fblogintest" time="0.145" errors="0" timestamp="2024-03-06T10:05:21 IST" skipped="0">
  <testcase classname="textpkg.Fblogintest" name="test" time="0.145"/>
  <system-out/>
</testsuite> <!-- textpkg.Fblogintest -->
