<?xml version="1.0" encoding="UTF-8"?>
<!-- Generated by org.testng.reporters.JUnitReportReporter -->
<testsuite hostname="LAPTOP-2JP0SKFR" failures="0" tests="5" name="testngpkg.Testngdemo" time="0.016" errors="0" timestamp="2024-02-20T13:56:59 IST" skipped="1">
  <testcase classname="testngpkg.Testngdemo" name="test2" time="0.009"/>
  <system-out/>
  <testcase classname="testngpkg.Testngdemo" name="test1" time="0.002"/>
  <system-out/>
  <testcase classname="testngpkg.Testngdemo" name="test1" time="0.003"/>
  <system-out/>
  <testcase classname="testngpkg.Testngdemo" name="test1" time="0.002"/>
  <system-out/>
  <testcase classname="testngpkg.Testngdemo" name="test3">
    <skipped/>
  </testcase> <!-- test3 -->
  <system-out/>
</testsuite> <!-- testngpkg.Testngdemo -->
