<?xml version="1.0" encoding="UTF-8"?>
<!-- Generated by org.testng.reporters.JUnitReportReporter -->
<testsuite hostname="LAPTOP-2JP0SKFR" failures="0" tests="2" name="testngpkg.Grouping" time="0.009" errors="0" timestamp="2024-02-21T09:14:01 IST" skipped="0">
  <testcase classname="testngpkg.Grouping" name="test2" time="0.002"/>
  <system-out/>
  <testcase classname="testngpkg.Grouping" name="test1" time="0.007"/>
  <system-out/>
</testsuite> <!-- testngpkg.Grouping -->
