<?xml version="1.0" encoding="UTF-8"?>
<!-- Generated by org.testng.reporters.JUnitReportReporter -->
<testsuite hostname="LAPTOP-2JP0SKFR" failures="0" tests="1" name="testngpkg.Datepicker" time="3.881" errors="0" timestamp="2024-03-01T10:50:48 IST" skipped="0">
  <testcase classname="testngpkg.Datepicker" name="datepick" time="3.881"/>
  <system-out/>
</testsuite> <!-- testngpkg.Datepicker -->
