<?xml version="1.0" encoding="UTF-8"?>
<!-- Generated by org.testng.reporters.JUnitReportReporter -->
<testsuite hostname="LAPTOP-2JP0SKFR" failures="0" tests="1" name="testngpkg.Fullautomation" time="16.317" errors="0" timestamp="2024-02-29T10:19:27 IST" skipped="0">
  <testcase classname="testngpkg.Fullautomation" name="testing" time="16.317"/>
  <system-out/>
</testsuite> <!-- testngpkg.Fullautomation -->
