<?xml version="1.0" encoding="UTF-8"?>
<!-- Generated by org.testng.reporters.JUnitReportReporter -->
<testsuite hostname="LAPTOP-2JP0SKFR" failures="0" tests="1" name="testngpkg.Copypaste" time="0.527" errors="0" timestamp="2024-02-21T09:44:29 IST" skipped="0">
  <testcase classname="testngpkg.Copypaste" name="copypaste" time="0.527"/>
  <system-out/>
</testsuite> <!-- testngpkg.Copypaste -->
