<?xml version="1.0" encoding="UTF-8"?>
<!-- Generated by org.testng.reporters.JUnitReportReporter -->
<testsuite hostname="LAPTOP-2JP0SKFR" failures="0" tests="1" name="testngpkg.rightalert" time="0.558" errors="0" timestamp="2024-02-22T10:04:48 IST" skipped="0">
  <testcase classname="testngpkg.rightalert" name="righttest" time="0.558"/>
  <system-out/>
</testsuite> <!-- testngpkg.rightalert -->
