<?xml version="1.0" encoding="UTF-8"?>
<!-- Generated by org.testng.reporters.JUnitReportReporter -->
<testsuite hostname="LAPTOP-2JP0SKFR" failures="0" tests="1" name="testngpkg.Datadriventest" time="20.804" errors="0" timestamp="2024-02-26T10:31:28 IST" skipped="0">
  <testcase classname="testngpkg.Datadriventest" name="datadriver" time="20.804"/>
  <system-out/>
</testsuite> <!-- testngpkg.Datadriventest -->
