<?xml version="1.0" encoding="UTF-8"?>
<!-- Generated by org.testng.reporters.JUnitReportReporter -->
<testsuite hostname="LAPTOP-2JP0SKFR" failures="0" tests="1" name="testngpkg.Getural" time="3.417" errors="0" timestamp="2024-02-26T11:05:19 IST" skipped="0">
  <testcase classname="testngpkg.Getural" name="geturl" time="3.417"/>
  <system-out/>
</testsuite> <!-- testngpkg.Getural -->
