<?xml version="1.0" encoding="UTF-8"?>
<!-- Generated by org.testng.reporters.JUnitReportReporter -->
<testsuite hostname="LAPTOP-2JP0SKFR" failures="0" tests="1" name="testngpkg.Scrolldown" time="3.616" errors="0" timestamp="2024-02-28T10:41:00 IST" skipped="0">
  <testcase classname="testngpkg.Scrolldown" name="scroll" time="3.616"/>
  <system-out/>
</testsuite> <!-- testngpkg.Scrolldown -->
