<?xml version="1.0" encoding="UTF-8"?>
<!-- Generated by org.testng.reporters.JUnitReportReporter -->
<testsuite hostname="LAPTOP-2JP0SKFR" failures="0" tests="1" name="testngpkg.Draganddrop" time="1.484" errors="0" timestamp="2024-02-21T10:54:29 IST" skipped="0">
  <testcase classname="testngpkg.Draganddrop" name="dragdrop" time="1.484"/>
  <system-out/>
</testsuite> <!-- testngpkg.Draganddrop -->
