<?xml version="1.0" encoding="UTF-8"?>
<!-- Generated by org.testng.reporters.JUnitReportReporter -->
<testsuite hostname="LAPTOP-2JP0SKFR" failures="0" tests="1" name="testngpkg.Popup" time="3.790" errors="0" timestamp="2024-02-28T10:58:15 IST" skipped="0">
  <testcase classname="testngpkg.Popup" name="popup" time="3.790"/>
  <system-out/>
</testsuite> <!-- testngpkg.Popup -->
