<?xml version="1.0" encoding="UTF-8"?>
<!-- Generated by org.testng.reporters.JUnitReportReporter -->
<testsuite hostname="LAPTOP-2JP0SKFR" failures="0" tests="1" name="testngpkg.Robotfile" time="5.145" errors="0" timestamp="2024-02-23T09:56:47 IST" skipped="0">
  <testcase classname="testngpkg.Robotfile" name="robotfileupload" time="5.145"/>
  <system-out/>
</testsuite> <!-- testngpkg.Robotfile -->
