<?xml version="1.0" encoding="UTF-8"?>
<!-- Generated by org.testng.reporters.JUnitReportReporter -->
<testsuite hostname="LAPTOP-2JP0SKFR" failures="0" tests="1" name="testngpkg.Mousemover" time="3.598" errors="0" timestamp="2024-02-28T10:17:09 IST" skipped="0">
  <testcase classname="testngpkg.Mousemover" name="mouseaction" time="3.598"/>
  <system-out/>
</testsuite> <!-- testngpkg.Mousemover -->
