<?xml version="1.0" encoding="UTF-8"?>
<!-- Generated by org.testng.reporters.JUnitReportReporter -->
<testsuite hostname="LAPTOP-2JP0SKFR" failures="0" tests="1" name="textpkg.Fbtestclick" time="2.207" errors="0" timestamp="2024-03-06T10:57:49 IST" skipped="0">
  <testcase classname="textpkg.Fbtestclick" name="test" time="2.207"/>
  <system-out/>
</testsuite> <!-- textpkg.Fbtestclick -->
